<?xml version="1.0" encoding="UTF-8"?>
<!-- Generated by org.testng.reporters.JUnitReportReporter -->
<testsuite hostname="DESKTOP-BFVC9P9" failures="0" tests="2" name="com.StarAgile.test.TestNGDependsOnMethod" time="0.008" errors="0" timestamp="2024-05-15T21:09:24 IST" skipped="0">
  <testcase classname="com.StarAgile.test.TestNGDependsOnMethod" name="dbconnection" time="0.003"/>
  <testcase classname="com.StarAgile.test.TestNGDependsOnMethod" name="queery1" time="0.005"/>
</testsuite> <!-- com.StarAgile.test.TestNGDependsOnMethod -->
