<?xml version="1.0" encoding="UTF-8"?>
<!-- Generated by org.testng.reporters.JUnitReportReporter -->
<testsuite hostname="DESKTOP-BFVC9P9" failures="0" tests="1" name="com.StarAgile.test.TestNGParameters" time="8.957" errors="0" timestamp="2024-05-17T21:42:49 IST" skipped="0">
  <testcase classname="com.StarAgile.test.TestNGParameters" name="invokechrome" time="8.957"/>
</testsuite> <!-- com.StarAgile.test.TestNGParameters -->
