<?xml version="1.0" encoding="UTF-8"?>
<!-- Generated by org.testng.reporters.JUnitReportReporter -->
<testsuite hostname="DESKTOP-BFVC9P9" failures="0" tests="3" name="com.StarAgile.test.TestGnTesting" time="13.743" errors="0" timestamp="2024-05-15T21:45:38 IST" skipped="0">
  <testcase classname="com.StarAgile.test.TestGnTesting" name="TestngTest1" time="6.014"/>
  <testcase classname="com.StarAgile.test.TestGnTesting" name="print" time="0.005"/>
  <testcase classname="com.StarAgile.test.TestGnTesting" name="TestngTest2" time="7.724"/>
</testsuite> <!-- com.StarAgile.test.TestGnTesting -->
