<?xml version="1.0" encoding="UTF-8"?>
<!-- Generated by org.testng.reporters.JUnitReportReporter -->
<testsuite hostname="DESKTOP-BFVC9P9" failures="0" tests="3" name="PageObjectModel1.LoginPageTest" time="2.009" errors="0" timestamp="2024-07-02T15:13:35 IST" skipped="0">
  <testcase classname="PageObjectModel1.LoginPageTest" name="verifyUrl" time="0.025"/>
  <testcase classname="PageObjectModel1.LoginPageTest" name="verifyTitle" time="0.016"/>
  <testcase classname="PageObjectModel1.LoginPageTest" name="verifyLogin" time="1.968"/>
</testsuite> <!-- PageObjectModel1.LoginPageTest -->
