<?xml version="1.0" encoding="UTF-8"?>
<!-- Generated by org.testng.reporters.JUnitReportReporter -->
<testsuite hostname="DESKTOP-BFVC9P9" failures="0" tests="1" name="com.StarAgile.test.ReadExcel" time="8.041" errors="0" timestamp="2024-05-21T20:34:28 IST" skipped="0">
  <testcase classname="com.StarAgile.test.ReadExcel" name="fblogin" time="8.041"/>
</testsuite> <!-- com.StarAgile.test.ReadExcel -->
