<?xml version="1.0" encoding="UTF-8"?>
<!-- Generated by org.testng.reporters.JUnitReportReporter -->
<testsuite hostname="DESKTOP-BFVC9P9" failures="0" tests="4" name="com.StarAgile.test.TestNGSkip" time="0.008" errors="0" timestamp="2024-05-15T21:09:24 IST" skipped="1">
  <testcase classname="com.StarAgile.test.TestNGSkip" name="testcase3" time="0.004"/>
  <testcase classname="com.StarAgile.test.TestNGSkip" name="testcase2" time="0.002"/>
  <testcase classname="com.StarAgile.test.TestNGSkip" name="testcase4" time="0.002"/>
  <testcase classname="com.StarAgile.test.TestNGSkip" name="testcase1">
    <skipped/>
  </testcase> <!-- testcase1 -->
</testsuite> <!-- com.StarAgile.test.TestNGSkip -->
