<?xml version="1.0" encoding="UTF-8"?>
<!-- Generated by org.testng.reporters.JUnitReportReporter -->
<testsuite hostname="DESKTOP-BFVC9P9" failures="0" tests="2" name="com.StarAgile.test.Annotations" time="0.013" errors="0" timestamp="2024-05-17T21:00:01 IST" skipped="0">
  <testcase classname="com.StarAgile.test.Annotations" name="testcase2" time="0.004"/>
  <testcase classname="com.StarAgile.test.Annotations" name="testcase1" time="0.009"/>
</testsuite> <!-- com.StarAgile.test.Annotations -->
