<?xml version="1.0" encoding="UTF-8"?>
<!-- Generated by org.testng.reporters.JUnitReportReporter -->
<testsuite hostname="DESKTOP-BFVC9P9" failures="0" tests="4" name="com.StarAgile.test.TestGNPrority" time="0.010" errors="0" timestamp="2024-05-15T21:09:24 IST" skipped="0">
  <testcase classname="com.StarAgile.test.TestGNPrority" name="testcase1" time="0.003"/>
  <testcase classname="com.StarAgile.test.TestGNPrority" name="testcase3" time="0.002"/>
  <testcase classname="com.StarAgile.test.TestGNPrority" name="testcase2" time="0.002"/>
  <testcase classname="com.StarAgile.test.TestGNPrority" name="testcase4" time="0.003"/>
</testsuite> <!-- com.StarAgile.test.TestGNPrority -->
